[0801/153953.061:ERROR:process_reader_win.cc(188)] ResumeThread: The parameter is incorrect. (0x57)
[0801/153953.062:ERROR:process_reader_win.cc(151)] SuspendThread: Access is denied. (0x5)
[0801/153953.062:ERROR:process_reader_win.cc(151)] SuspendThread: Access is denied. (0x5)
[0801/153953.062:ERROR:process_reader_win.cc(151)] SuspendThread: Access is denied. (0x5)
[0801/153953.062:ERROR:process_reader_win.cc(151)] SuspendThread: Access is denied. (0x5)
[0801/153953.062:ERROR:process_reader_win.cc(151)] SuspendThread: Access is denied. (0x5)
[0801/153953.062:ERROR:process_reader_win.cc(151)] SuspendThread: Access is denied. (0x5)
[0801/153953.062:ERROR:process_reader_win.cc(151)] SuspendThread: Access is denied. (0x5)
[0801/153953.079:ERROR:process_memory_win.cc(73)] ReadMemory at 0x1e573921760 of 72 bytes failed: Only part of a ReadProcessMemory or WriteProcessMemory request was completed. (0x12B)
[0801/153953.080:WARNING:pe_image_annotations_reader.cc(134)] could not read annotations list object in C:\Program Files (x86)\Google\Chrome\Application\84.0.4147.105\chrome.dll
[0801/153953.146:ERROR:process_memory_win.cc(73)] ReadMemory at 0x7ff713d20000 of 64 bytes failed: Only part of a ReadProcessMemory or WriteProcessMemory request was completed. (0x12B)
[0801/153953.146:WARNING:pe_image_reader.cc(340)] could not read dos header from C:\Program Files (x86)\Google\Chrome\Application\chrome.exe
[0801/153953.146:ERROR:process_memory_win.cc(73)] ReadMemory at 0x7ffac7e30000 of 64 bytes failed: Only part of a ReadProcessMemory or WriteProcessMemory request was completed. (0x12B)
[0801/153953.146:WARNING:pe_image_reader.cc(340)] could not read dos header from C:\WINDOWS\SYSTEM32\ntdll.dll
[0801/153953.146:ERROR:process_memory_win.cc(73)] ReadMemory at 0x7ffac6380000 of 64 bytes failed: Only part of a ReadProcessMemory or WriteProcessMemory request was completed. (0x12B)
[0801/153953.146:WARNING:pe_image_reader.cc(340)] could not read dos header from C:\WINDOWS\System32\KERNEL32.DLL
[0801/153953.147:ERROR:process_memory_win.cc(73)] ReadMemory at 0x7ffac55d0000 of 64 bytes failed: Only part of a ReadProcessMemory or WriteProcessMemory request was completed. (0x12B)
[0801/153953.147:WARNING:pe_image_reader.cc(340)] could not read dos header from C:\WINDOWS\System32\KERNELBASE.dll
[0801/153953.147:ERROR:process_memory_win.cc(73)] ReadMemory at 0x7ffa69cd0000 of 64 bytes failed: Only part of a ReadProcessMemory or WriteProcessMemory request was completed. (0x12B)
[0801/153953.147:WARNING:pe_image_reader.cc(340)] could not read dos header from C:\Program Files (x86)\Google\Chrome\Application\84.0.4147.105\chrome_elf.dll
[0801/153953.147:ERROR:process_memory_win.cc(73)] ReadMemory at 0x7ffabbf70000 of 64 bytes failed: Only part of a ReadProcessMemory or WriteProcessMemory request was completed. (0x12B)
[0801/153953.147:WARNING:pe_image_reader.cc(340)] could not read dos header from C:\WINDOWS\SYSTEM32\VERSION.dll
[0801/153953.147:ERROR:process_memory_win.cc(73)] ReadMemory at 0x1e573ab0000 of 64 bytes failed: Only part of a ReadProcessMemory or WriteProcessMemory request was completed. (0x12B)
[0801/153953.147:WARNING:pe_image_reader.cc(340)] could not read dos header from C:\WINDOWS\System32\msvcrt.dll
[0801/153953.147:ERROR:process_memory_win.cc(73)] ReadMemory at 0x7ffac69e0000 of 64 bytes failed: Only part of a ReadProcessMemory or WriteProcessMemory request was completed. (0x12B)
[0801/153953.147:WARNING:pe_image_reader.cc(340)] could not read dos header from C:\WINDOWS\System32\ADVAPI32.dll
[0801/153953.147:ERROR:process_memory_win.cc(73)] ReadMemory at 0x7ffac7b70000 of 64 bytes failed: Only part of a ReadProcessMemory or WriteProcessMemory request was completed. (0x12B)
[0801/153953.147:WARNING:pe_image_reader.cc(340)] could not read dos header from C:\WINDOWS\System32\sechost.dll
[0801/153953.147:ERROR:process_memory_win.cc(73)] ReadMemory at 0x7ffac6e40000 of 64 bytes failed: Only part of a ReadProcessMemory or WriteProcessMemory request was completed. (0x12B)
[0801/153953.147:WARNING:pe_image_reader.cc(340)] could not read dos header from C:\WINDOWS\System32\RPCRT4.dll
[0801/153953.147:ERROR:process_memory_win.cc(73)] ReadMemory at 0x7ffa375c0000 of 64 bytes failed: Only part of a ReadProcessMemory or WriteProcessMemory request was completed. (0x12B)
[0801/153953.147:WARNING:pe_image_reader.cc(340)] could not read dos header from C:\Program Files (x86)\Google\Chrome\Application\84.0.4147.105\chrome.dll
[0801/153953.147:ERROR:process_memory_win.cc(73)] ReadMemory at 0x7ffac78b0000 of 64 bytes failed: Only part of a ReadProcessMemory or WriteProcessMemory request was completed. (0x12B)
[0801/153953.147:WARNING:pe_image_reader.cc(340)] could not read dos header from C:\WINDOWS\System32\WS2_32.dll
[0801/153953.147:ERROR:process_memory_win.cc(73)] ReadMemory at 0x7ffac7780000 of 64 bytes failed: Only part of a ReadProcessMemory or WriteProcessMemory request was completed. (0x12B)
[0801/153953.147:WARNING:pe_image_reader.cc(340)] could not read dos header from C:\WINDOWS\System32\OLEAUT32.dll
[0801/153953.148:ERROR:process_memory_win.cc(73)] ReadMemory at 0x7ffac5a90000 of 64 bytes failed: Only part of a ReadProcessMemory or WriteProcessMemory request was completed. (0x12B)
[0801/153953.148:WARNING:pe_image_reader.cc(340)] could not read dos header from C:\WINDOWS\System32\msvcp_win.dll
[0801/153953.148:ERROR:process_memory_win.cc(73)] ReadMemory at 0x7ffac5b90000 of 64 bytes failed: Only part of a ReadProcessMemory or WriteProcessMemory request was completed. (0x12B)
[0801/153953.148:WARNING:pe_image_reader.cc(340)] could not read dos header from C:\WINDOWS\System32\ucrtbase.dll
[0801/153953.148:ERROR:process_memory_win.cc(73)] ReadMemory at 0x7ffac6510000 of 64 bytes failed: Only part of a ReadProcessMemory or WriteProcessMemory request was completed. (0x12B)
[0801/153953.148:WARNING:pe_image_reader.cc(340)] could not read dos header from C:\WINDOWS\System32\combase.dll
[0801/153953.148:ERROR:process_memory_win.cc(73)] ReadMemory at 0x7ffac5b30000 of 64 bytes failed: Only part of a ReadProcessMemory or WriteProcessMemory request was completed. (0x12B)
[0801/153953.148:WARNING:pe_image_reader.cc(340)] could not read dos header from C:\WINDOWS\System32\WINTRUST.dll
[0801/153953.148:ERROR:process_memory_win.cc(73)] ReadMemory at 0x7ffac5c90000 of 64 bytes failed: Only part of a ReadProcessMemory or WriteProcessMemory request was completed. (0x12B)
[0801/153953.148:WARNING:pe_image_reader.cc(340)] could not read dos header from C:\WINDOWS\System32\CRYPT32.dll
[0801/153953.148:ERROR:process_memory_win.cc(73)] ReadMemory at 0x7ffac49b0000 of 64 bytes failed: Only part of a ReadProcessMemory or WriteProcessMemory request was completed. (0x12B)
[0801/153953.148:WARNING:pe_image_reader.cc(340)] could not read dos header from C:\WINDOWS\SYSTEM32\IPHLPAPI.DLL
[0801/153953.148:ERROR:process_memory_win.cc(73)] ReadMemory at 0x7ffab6b80000 of 64 bytes failed: Only part of a ReadProcessMemory or WriteProcessMemory request was completed. (0x12B)
[0801/153953.148:WARNING:pe_image_reader.cc(340)] could not read dos header from C:\WINDOWS\SYSTEM32\WINMM.dll
[0801/153953.148:ERROR:process_memory_win.cc(73)] ReadMemory at 0x7ffaabb90000 of 64 bytes failed: Only part of a ReadProcessMemory or WriteProcessMemory request was completed. (0x12B)
[0801/153953.148:WARNING:pe_image_reader.cc(340)] could not read dos header from C:\WINDOWS\SYSTEM32\Secur32.dll
[0801/153953.148:ERROR:process_memory_win.cc(73)] ReadMemory at 0x7ffac5450000 of 64 bytes failed: Only part of a ReadProcessMemory or WriteProcessMemory request was completed. (0x12B)
[0801/153953.148:WARNING:pe_image_reader.cc(340)] could not read dos header from C:\WINDOWS\SYSTEM32\USERENV.dll
[0801/153953.148:ERROR:process_memory_win.cc(73)] ReadMemory at 0x7ffa9bb60000 of 64 bytes failed: Only part of a ReadProcessMemory or WriteProcessMemory request was completed. (0x12B)
[0801/153953.148:WARNING:pe_image_reader.cc(340)] could not read dos header from C:\WINDOWS\SYSTEM32\UIAutomationCore.DLL
[0801/153953.148:ERROR:process_memory_win.cc(73)] ReadMemory at 0x7ffaad380000 of 64 bytes failed: Only part of a ReadProcessMemory or WriteProcessMemory request was completed. (0x12B)
[0801/153953.148:WARNING:pe_image_reader.cc(340)] could not read dos header from C:\WINDOWS\SYSTEM32\DWrite.dll
[0801/153953.149:ERROR:process_memory_win.cc(73)] ReadMemory at 0x7ffab6090000 of 64 bytes failed: Only part of a ReadProcessMemory or WriteProcessMemory request was completed. (0x12B)
[0801/153953.149:WARNING:pe_image_reader.cc(340)] could not read dos header from C:\WINDOWS\SYSTEM32\WINSPOOL.DRV
[0801/153953.149:ERROR:process_memory_win.cc(73)] ReadMemory at 0x7ffac3c20000 of 64 bytes failed: Only part of a ReadProcessMemory or WriteProcessMemory request was completed. (0x12B)
[0801/153953.149:WARNING:pe_image_reader.cc(340)] could not read dos header from C:\WINDOWS\SYSTEM32\dbghelp.dll
[0801/153953.149:ERROR:process_memory_win.cc(73)] ReadMemory at 0x7ffabcc30000 of 64 bytes failed: Only part of a ReadProcessMemory or WriteProcessMemory request was completed. (0x12B)
[0801/153953.149:WARNING:pe_image_reader.cc(340)] could not read dos header from C:\WINDOWS\SYSTEM32\WINHTTP.dll
[0801/153953.149:ERROR:process_memory_win.cc(73)] ReadMemory at 0x7ffabc720000 of 64 bytes failed: Only part of a ReadProcessMemory or WriteProcessMemory request was completed. (0x12B)
[0801/153953.149:WARNING:pe_image_reader.cc(340)] could not read dos header from C:\WINDOWS\SYSTEM32\dhcpcsvc.DLL
[0801/153953.149:ERROR:process_memory_win.cc(73)] ReadMemory at 0x7ffac0df0000 of 64 bytes failed: Only part of a ReadProcessMemory or WriteProcessMemory request was completed. (0x12B)
[0801/153953.149:WARNING:pe_image_reader.cc(340)] could not read dos header from C:\WINDOWS\SYSTEM32\PROPSYS.dll
[0801/153953.149:ERROR:process_memory_win.cc(73)] ReadMemory at 0x7ffac5410000 of 64 bytes failed: Only part of a ReadProcessMemory or WriteProcessMemory request was completed. (0x12B)
[0801/153953.149:WARNING:pe_image_reader.cc(340)] could not read dos header from C:\WINDOWS\SYSTEM32\SSPICLI.DLL
[0801/153953.149:ERROR:process_memory_win.cc(73)] ReadMemory at 0x7ffac5150000 of 64 bytes failed: Only part of a ReadProcessMemory or WriteProcessMemory request was completed. (0x12B)
[0801/153953.149:WARNING:pe_image_reader.cc(340)] could not read dos header from C:\WINDOWS\System32\MSASN1.dll
[0801/153953.149:ERROR:process_memory_win.cc(73)] ReadMemory at 0x7ffac5df0000 of 64 bytes failed: Only part of a ReadProcessMemory or WriteProcessMemory request was completed. (0x12B)
[0801/153953.149:WARNING:pe_image_reader.cc(340)] could not read dos header from C:\WINDOWS\System32\bcryptPrimitives.dll
[0801/153953.149:ERROR:process_memory_win.cc(73)] ReadMemory at 0x7ffac4e70000 of 64 bytes failed: Only part of a ReadProcessMemory or WriteProcessMemory request was completed. (0x12B)
[0801/153953.149:WARNING:pe_image_reader.cc(340)] could not read dos header from C:\WINDOWS\SYSTEM32\CRYPTBASE.DLL
[0801/153953.159:ERROR:process_memory_win.cc(73)] ReadMemory at 0x7ff713d20000 of 64 bytes failed: Only part of a ReadProcessMemory or WriteProcessMemory request was completed. (0x12B)
[0801/153953.159:WARNING:pe_image_reader.cc(340)] could not read dos header from C:\Program Files (x86)\Google\Chrome\Application\chrome.exe
[0801/153953.159:ERROR:process_memory_win.cc(73)] ReadMemory at 0x7ffac7e30000 of 64 bytes failed: Only part of a ReadProcessMemory or WriteProcessMemory request was completed. (0x12B)
[0801/153953.159:WARNING:pe_image_reader.cc(340)] could not read dos header from C:\WINDOWS\SYSTEM32\ntdll.dll
[0801/153953.159:ERROR:process_memory_win.cc(73)] ReadMemory at 0x7ffac6380000 of 64 bytes failed: Only part of a ReadProcessMemory or WriteProcessMemory request was completed. (0x12B)
[0801/153953.159:WARNING:pe_image_reader.cc(340)] could not read dos header from C:\WINDOWS\System32\KERNEL32.DLL
[0801/153953.159:ERROR:process_memory_win.cc(73)] ReadMemory at 0x7ffac55d0000 of 64 bytes failed: Only part of a ReadProcessMemory or WriteProcessMemory request was completed. (0x12B)
[0801/153953.160:WARNING:pe_image_reader.cc(340)] could not read dos header from C:\WINDOWS\System32\KERNELBASE.dll
[0801/153953.160:ERROR:process_memory_win.cc(73)] ReadMemory at 0x7ffa69cd0000 of 64 bytes failed: Only part of a ReadProcessMemory or WriteProcessMemory request was completed. (0x12B)
[0801/153953.160:WARNING:pe_image_reader.cc(340)] could not read dos header from C:\Program Files (x86)\Google\Chrome\Application\84.0.4147.105\chrome_elf.dll
[0801/153953.160:ERROR:process_memory_win.cc(73)] ReadMemory at 0x7ffabbf70000 of 64 bytes failed: Only part of a ReadProcessMemory or WriteProcessMemory request was completed. (0x12B)
[0801/153953.160:WARNING:pe_image_reader.cc(340)] could not read dos header from C:\WINDOWS\SYSTEM32\VERSION.dll
[0801/153953.160:ERROR:process_memory_win.cc(73)] ReadMemory at 0x1e573ab0000 of 64 bytes failed: Only part of a ReadProcessMemory or WriteProcessMemory request was completed. (0x12B)
[0801/153953.160:WARNING:pe_image_reader.cc(340)] could not read dos header from C:\WINDOWS\System32\msvcrt.dll
[0801/153953.160:ERROR:process_memory_win.cc(73)] ReadMemory at 0x7ffac69e0000 of 64 bytes failed: Only part of a ReadProcessMemory or WriteProcessMemory request was completed. (0x12B)
[0801/153953.160:WARNING:pe_image_reader.cc(340)] could not read dos header from C:\WINDOWS\System32\ADVAPI32.dll
[0801/153953.160:ERROR:process_memory_win.cc(73)] ReadMemory at 0x7ffac7b70000 of 64 bytes failed: Only part of a ReadProcessMemory or WriteProcessMemory request was completed. (0x12B)
[0801/153953.160:WARNING:pe_image_reader.cc(340)] could not read dos header from C:\WINDOWS\System32\sechost.dll
[0801/153953.160:ERROR:process_memory_win.cc(73)] ReadMemory at 0x7ffac6e40000 of 64 bytes failed: Only part of a ReadProcessMemory or WriteProcessMemory request was completed. (0x12B)
[0801/153953.160:WARNING:pe_image_reader.cc(340)] could not read dos header from C:\WINDOWS\System32\RPCRT4.dll
[0801/153953.160:ERROR:process_memory_win.cc(73)] ReadMemory at 0x7ffa375c0000 of 64 bytes failed: Only part of a ReadProcessMemory or WriteProcessMemory request was completed. (0x12B)
[0801/153953.160:WARNING:pe_image_reader.cc(340)] could not read dos header from C:\Program Files (x86)\Google\Chrome\Application\84.0.4147.105\chrome.dll
[0801/153953.160:ERROR:process_memory_win.cc(73)] ReadMemory at 0x7ffac78b0000 of 64 bytes failed: Only part of a ReadProcessMemory or WriteProcessMemory request was completed. (0x12B)
[0801/153953.160:WARNING:pe_image_reader.cc(340)] could not read dos header from C:\WINDOWS\System32\WS2_32.dll
[0801/153953.160:ERROR:process_memory_win.cc(73)] ReadMemory at 0x7ffac7780000 of 64 bytes failed: Only part of a ReadProcessMemory or WriteProcessMemory request was completed. (0x12B)
[0801/153953.160:WARNING:pe_image_reader.cc(340)] could not read dos header from C:\WINDOWS\System32\OLEAUT32.dll
[0801/153953.161:ERROR:process_memory_win.cc(73)] ReadMemory at 0x7ffac5a90000 of 64 bytes failed: Only part of a ReadProcessMemory or WriteProcessMemory request was completed. (0x12B)
[0801/153953.161:WARNING:pe_image_reader.cc(340)] could not read dos header from C:\WINDOWS\System32\msvcp_win.dll
[0801/153953.161:ERROR:process_memory_win.cc(73)] ReadMemory at 0x7ffac5b90000 of 64 bytes failed: Only part of a ReadProcessMemory or WriteProcessMemory request was completed. (0x12B)
[0801/153953.161:WARNING:pe_image_reader.cc(340)] could not read dos header from C:\WINDOWS\System32\ucrtbase.dll
[0801/153953.161:ERROR:process_memory_win.cc(73)] ReadMemory at 0x7ffac6510000 of 64 bytes failed: Only part of a ReadProcessMemory or WriteProcessMemory request was completed. (0x12B)
[0801/153953.161:WARNING:pe_image_reader.cc(340)] could not read dos header from C:\WINDOWS\System32\combase.dll
[0801/153953.161:ERROR:process_memory_win.cc(73)] ReadMemory at 0x7ffac5b30000 of 64 bytes failed: Only part of a ReadProcessMemory or WriteProcessMemory request was completed. (0x12B)
[0801/153953.161:WARNING:pe_image_reader.cc(340)] could not read dos header from C:\WINDOWS\System32\WINTRUST.dll
[0801/153953.161:ERROR:process_memory_win.cc(73)] ReadMemory at 0x7ffac5c90000 of 64 bytes failed: Only part of a ReadProcessMemory or WriteProcessMemory request was completed. (0x12B)
[0801/153953.161:WARNING:pe_image_reader.cc(340)] could not read dos header from C:\WINDOWS\System32\CRYPT32.dll
[0801/153953.161:ERROR:process_memory_win.cc(73)] ReadMemory at 0x7ffac49b0000 of 64 bytes failed: Only part of a ReadProcessMemory or WriteProcessMemory request was completed. (0x12B)
[0801/153953.161:WARNING:pe_image_reader.cc(340)] could not read dos header from C:\WINDOWS\SYSTEM32\IPHLPAPI.DLL
[0801/153953.161:ERROR:process_memory_win.cc(73)] ReadMemory at 0x7ffab6b80000 of 64 bytes failed: Only part of a ReadProcessMemory or WriteProcessMemory request was completed. (0x12B)
[0801/153953.161:WARNING:pe_image_reader.cc(340)] could not read dos header from C:\WINDOWS\SYSTEM32\WINMM.dll
[0801/153953.161:ERROR:process_memory_win.cc(73)] ReadMemory at 0x7ffaabb90000 of 64 bytes failed: Only part of a ReadProcessMemory or WriteProcessMemory request was completed. (0x12B)
[0801/153953.161:WARNING:pe_image_reader.cc(340)] could not read dos header from C:\WINDOWS\SYSTEM32\Secur32.dll
[0801/153953.161:ERROR:process_memory_win.cc(73)] ReadMemory at 0x7ffac5450000 of 64 bytes failed: Only part of a ReadProcessMemory or WriteProcessMemory request was completed. (0x12B)
[0801/153953.161:WARNING:pe_image_reader.cc(340)] could not read dos header from C:\WINDOWS\SYSTEM32\USERENV.dll
[0801/153953.161:ERROR:process_memory_win.cc(73)] ReadMemory at 0x7ffa9bb60000 of 64 bytes failed: Only part of a ReadProcessMemory or WriteProcessMemory request was completed. (0x12B)
[0801/153953.161:WARNING:pe_image_reader.cc(340)] could not read dos header from C:\WINDOWS\SYSTEM32\UIAutomationCore.DLL
[0801/153953.161:ERROR:process_memory_win.cc(73)] ReadMemory at 0x7ffaad380000 of 64 bytes failed: Only part of a ReadProcessMemory or WriteProcessMemory request was completed. (0x12B)
[0801/153953.161:WARNING:pe_image_reader.cc(340)] could not read dos header from C:\WINDOWS\SYSTEM32\DWrite.dll
[0801/153953.161:ERROR:process_memory_win.cc(73)] ReadMemory at 0x7ffab6090000 of 64 bytes failed: Only part of a ReadProcessMemory or WriteProcessMemory request was completed. (0x12B)
[0801/153953.161:WARNING:pe_image_reader.cc(340)] could not read dos header from C:\WINDOWS\SYSTEM32\WINSPOOL.DRV
[0801/153953.162:ERROR:process_memory_win.cc(73)] ReadMemory at 0x7ffac3c20000 of 64 bytes failed: Only part of a ReadProcessMemory or WriteProcessMemory request was completed. (0x12B)
[0801/153953.162:WARNING:pe_image_reader.cc(340)] could not read dos header from C:\WINDOWS\SYSTEM32\dbghelp.dll
[0801/153953.162:ERROR:process_memory_win.cc(73)] ReadMemory at 0x7ffabcc30000 of 64 bytes failed: Only part of a ReadProcessMemory or WriteProcessMemory request was completed. (0x12B)
[0801/153953.162:WARNING:pe_image_reader.cc(340)] could not read dos header from C:\WINDOWS\SYSTEM32\WINHTTP.dll
[0801/153953.162:ERROR:process_memory_win.cc(73)] ReadMemory at 0x7ffabc720000 of 64 bytes failed: Only part of a ReadProcessMemory or WriteProcessMemory request was completed. (0x12B)
[0801/153953.162:WARNING:pe_image_reader.cc(340)] could not read dos header from C:\WINDOWS\SYSTEM32\dhcpcsvc.DLL
[0801/153953.162:ERROR:process_memory_win.cc(73)] ReadMemory at 0x7ffac0df0000 of 64 bytes failed: Only part of a ReadProcessMemory or WriteProcessMemory request was completed. (0x12B)
[0801/153953.162:WARNING:pe_image_reader.cc(340)] could not read dos header from C:\WINDOWS\SYSTEM32\PROPSYS.dll
[0801/153953.162:ERROR:process_memory_win.cc(73)] ReadMemory at 0x7ffac5410000 of 64 bytes failed: Only part of a ReadProcessMemory or WriteProcessMemory request was completed. (0x12B)
[0801/153953.162:WARNING:pe_image_reader.cc(340)] could not read dos header from C:\WINDOWS\SYSTEM32\SSPICLI.DLL
[0801/153953.162:ERROR:process_memory_win.cc(73)] ReadMemory at 0x7ffac5150000 of 64 bytes failed: Only part of a ReadProcessMemory or WriteProcessMemory request was completed. (0x12B)
[0801/153953.162:WARNING:pe_image_reader.cc(340)] could not read dos header from C:\WINDOWS\System32\MSASN1.dll
[0801/153953.162:ERROR:process_memory_win.cc(73)] ReadMemory at 0x7ffac5df0000 of 64 bytes failed: Only part of a ReadProcessMemory or WriteProcessMemory request was completed. (0x12B)
[0801/153953.162:WARNING:pe_image_reader.cc(340)] could not read dos header from C:\WINDOWS\System32\bcryptPrimitives.dll
[0801/153953.162:ERROR:process_memory_win.cc(73)] ReadMemory at 0x7ffac4e70000 of 64 bytes failed: Only part of a ReadProcessMemory or WriteProcessMemory request was completed. (0x12B)
[0801/153953.162:WARNING:pe_image_reader.cc(340)] could not read dos header from C:\WINDOWS\SYSTEM32\CRYPTBASE.DLL
[0801/153953.162:ERROR:process_memory_win.cc(73)] ReadMemory at 0x7ff713d20000 of 64 bytes failed: Only part of a ReadProcessMemory or WriteProcessMemory request was completed. (0x12B)
[0801/153953.162:WARNING:pe_image_reader.cc(340)] could not read dos header from C:\Program Files (x86)\Google\Chrome\Application\chrome.exe
[0801/153953.162:ERROR:process_memory_win.cc(73)] ReadMemory at 0x7ffac7e30000 of 64 bytes failed: Only part of a ReadProcessMemory or WriteProcessMemory request was completed. (0x12B)
[0801/153953.162:WARNING:pe_image_reader.cc(340)] could not read dos header from C:\WINDOWS\SYSTEM32\ntdll.dll
[0801/153953.162:ERROR:process_memory_win.cc(73)] ReadMemory at 0x7ffac6380000 of 64 bytes failed: Only part of a ReadProcessMemory or WriteProcessMemory request was completed. (0x12B)
[0801/153953.162:WARNING:pe_image_reader.cc(340)] could not read dos header from C:\WINDOWS\System32\KERNEL32.DLL
[0801/153953.163:ERROR:process_memory_win.cc(73)] ReadMemory at 0x7ffac55d0000 of 64 bytes failed: Only part of a ReadProcessMemory or WriteProcessMemory request was completed. (0x12B)
[0801/153953.163:WARNING:pe_image_reader.cc(340)] could not read dos header from C:\WINDOWS\System32\KERNELBASE.dll
[0801/153953.163:ERROR:process_memory_win.cc(73)] ReadMemory at 0x7ffa69cd0000 of 64 bytes failed: Only part of a ReadProcessMemory or WriteProcessMemory request was completed. (0x12B)
[0801/153953.163:WARNING:pe_image_reader.cc(340)] could not read dos header from C:\Program Files (x86)\Google\Chrome\Application\84.0.4147.105\chrome_elf.dll
[0801/153953.163:ERROR:process_memory_win.cc(73)] ReadMemory at 0x7ffabbf70000 of 64 bytes failed: Only part of a ReadProcessMemory or WriteProcessMemory request was completed. (0x12B)
[0801/153953.163:WARNING:pe_image_reader.cc(340)] could not read dos header from C:\WINDOWS\SYSTEM32\VERSION.dll
[0801/153953.163:ERROR:process_memory_win.cc(73)] ReadMemory at 0x1e573ab0000 of 64 bytes failed: Only part of a ReadProcessMemory or WriteProcessMemory request was completed. (0x12B)
[0801/153953.163:WARNING:pe_image_reader.cc(340)] could not read dos header from C:\WINDOWS\System32\msvcrt.dll
[0801/153953.163:ERROR:process_memory_win.cc(73)] ReadMemory at 0x7ffac69e0000 of 64 bytes failed: Only part of a ReadProcessMemory or WriteProcessMemory request was completed. (0x12B)
[0801/153953.163:WARNING:pe_image_reader.cc(340)] could not read dos header from C:\WINDOWS\System32\ADVAPI32.dll
[0801/153953.163:ERROR:process_memory_win.cc(73)] ReadMemory at 0x7ffac7b70000 of 64 bytes failed: Only part of a ReadProcessMemory or WriteProcessMemory request was completed. (0x12B)
[0801/153953.163:WARNING:pe_image_reader.cc(340)] could not read dos header from C:\WINDOWS\System32\sechost.dll
[0801/153953.163:ERROR:process_memory_win.cc(73)] ReadMemory at 0x7ffac6e40000 of 64 bytes failed: Only part of a ReadProcessMemory or WriteProcessMemory request was completed. (0x12B)
[0801/153953.163:WARNING:pe_image_reader.cc(340)] could not read dos header from C:\WINDOWS\System32\RPCRT4.dll
[0801/153953.163:ERROR:process_memory_win.cc(73)] ReadMemory at 0x7ffa375c0000 of 64 bytes failed: Only part of a ReadProcessMemory or WriteProcessMemory request was completed. (0x12B)
[0801/153953.163:WARNING:pe_image_reader.cc(340)] could not read dos header from C:\Program Files (x86)\Google\Chrome\Application\84.0.4147.105\chrome.dll
[0801/153953.163:ERROR:process_memory_win.cc(73)] ReadMemory at 0x7ffac78b0000 of 64 bytes failed: Only part of a ReadProcessMemory or WriteProcessMemory request was completed. (0x12B)
[0801/153953.163:WARNING:pe_image_reader.cc(340)] could not read dos header from C:\WINDOWS\System32\WS2_32.dll
[0801/153953.163:ERROR:process_memory_win.cc(73)] ReadMemory at 0x7ffac7780000 of 64 bytes failed: Only part of a ReadProcessMemory or WriteProcessMemory request was completed. (0x12B)
[0801/153953.163:WARNING:pe_image_reader.cc(340)] could not read dos header from C:\WINDOWS\System32\OLEAUT32.dll
[0801/153953.163:ERROR:process_memory_win.cc(73)] ReadMemory at 0x7ffac5a90000 of 64 bytes failed: Only part of a ReadProcessMemory or WriteProcessMemory request was completed. (0x12B)
[0801/153953.163:WARNING:pe_image_reader.cc(340)] could not read dos header from C:\WINDOWS\System32\msvcp_win.dll
[0801/153953.164:ERROR:process_memory_win.cc(73)] ReadMemory at 0x7ffac5b90000 of 64 bytes failed: Only part of a ReadProcessMemory or WriteProcessMemory request was completed. (0x12B)
[0801/153953.164:WARNING:pe_image_reader.cc(340)] could not read dos header from C:\WINDOWS\System32\ucrtbase.dll
[0801/153953.164:ERROR:process_memory_win.cc(73)] ReadMemory at 0x7ffac6510000 of 64 bytes failed: Only part of a ReadProcessMemory or WriteProcessMemory request was completed. (0x12B)
[0801/153953.164:WARNING:pe_image_reader.cc(340)] could not read dos header from C:\WINDOWS\System32\combase.dll
[0801/153953.164:ERROR:process_memory_win.cc(73)] ReadMemory at 0x7ffac5b30000 of 64 bytes failed: Only part of a ReadProcessMemory or WriteProcessMemory request was completed. (0x12B)
[0801/153953.164:WARNING:pe_image_reader.cc(340)] could not read dos header from C:\WINDOWS\System32\WINTRUST.dll
[0801/153953.164:ERROR:process_memory_win.cc(73)] ReadMemory at 0x7ffac5c90000 of 64 bytes failed: Only part of a ReadProcessMemory or WriteProcessMemory request was completed. (0x12B)
[0801/153953.164:WARNING:pe_image_reader.cc(340)] could not read dos header from C:\WINDOWS\System32\CRYPT32.dll
[0801/153953.164:ERROR:process_memory_win.cc(73)] ReadMemory at 0x7ffac49b0000 of 64 bytes failed: Only part of a ReadProcessMemory or WriteProcessMemory request was completed. (0x12B)
[0801/153953.164:WARNING:pe_image_reader.cc(340)] could not read dos header from C:\WINDOWS\SYSTEM32\IPHLPAPI.DLL
[0801/153953.164:ERROR:process_memory_win.cc(73)] ReadMemory at 0x7ffab6b80000 of 64 bytes failed: Only part of a ReadProcessMemory or WriteProcessMemory request was completed. (0x12B)
[0801/153953.164:WARNING:pe_image_reader.cc(340)] could not read dos header from C:\WINDOWS\SYSTEM32\WINMM.dll
[0801/153953.164:ERROR:process_memory_win.cc(73)] ReadMemory at 0x7ffaabb90000 of 64 bytes failed: Only part of a ReadProcessMemory or WriteProcessMemory request was completed. (0x12B)
[0801/153953.164:WARNING:pe_image_reader.cc(340)] could not read dos header from C:\WINDOWS\SYSTEM32\Secur32.dll
[0801/153953.164:ERROR:process_memory_win.cc(73)] ReadMemory at 0x7ffac5450000 of 64 bytes failed: Only part of a ReadProcessMemory or WriteProcessMemory request was completed. (0x12B)
[0801/153953.164:WARNING:pe_image_reader.cc(340)] could not read dos header from C:\WINDOWS\SYSTEM32\USERENV.dll
[0801/153953.164:ERROR:process_memory_win.cc(73)] ReadMemory at 0x7ffa9bb60000 of 64 bytes failed: Only part of a ReadProcessMemory or WriteProcessMemory request was completed. (0x12B)
[0801/153953.164:WARNING:pe_image_reader.cc(340)] could not read dos header from C:\WINDOWS\SYSTEM32\UIAutomationCore.DLL
[0801/153953.164:ERROR:process_memory_win.cc(73)] ReadMemory at 0x7ffaad380000 of 64 bytes failed: Only part of a ReadProcessMemory or WriteProcessMemory request was completed. (0x12B)
[0801/153953.164:WARNING:pe_image_reader.cc(340)] could not read dos header from C:\WINDOWS\SYSTEM32\DWrite.dll
[0801/153953.164:ERROR:process_memory_win.cc(73)] ReadMemory at 0x7ffab6090000 of 64 bytes failed: Only part of a ReadProcessMemory or WriteProcessMemory request was completed. (0x12B)
[0801/153953.164:WARNING:pe_image_reader.cc(340)] could not read dos header from C:\WINDOWS\SYSTEM32\WINSPOOL.DRV
[0801/153953.164:ERROR:process_memory_win.cc(73)] ReadMemory at 0x7ffac3c20000 of 64 bytes failed: Only part of a ReadProcessMemory or WriteProcessMemory request was completed. (0x12B)
[0801/153953.165:WARNING:pe_image_reader.cc(340)] could not read dos header from C:\WINDOWS\SYSTEM32\dbghelp.dll
[0801/153953.165:ERROR:process_memory_win.cc(73)] ReadMemory at 0x7ffabcc30000 of 64 bytes failed: Only part of a ReadProcessMemory or WriteProcessMemory request was completed. (0x12B)
[0801/153953.165:WARNING:pe_image_reader.cc(340)] could not read dos header from C:\WINDOWS\SYSTEM32\WINHTTP.dll
[0801/153953.165:ERROR:process_memory_win.cc(73)] ReadMemory at 0x7ffabc720000 of 64 bytes failed: Only part of a ReadProcessMemory or WriteProcessMemory request was completed. (0x12B)
[0801/153953.165:WARNING:pe_image_reader.cc(340)] could not read dos header from C:\WINDOWS\SYSTEM32\dhcpcsvc.DLL
[0801/153953.165:ERROR:process_memory_win.cc(73)] ReadMemory at 0x7ffac0df0000 of 64 bytes failed: Only part of a ReadProcessMemory or WriteProcessMemory request was completed. (0x12B)
[0801/153953.165:WARNING:pe_image_reader.cc(340)] could not read dos header from C:\WINDOWS\SYSTEM32\PROPSYS.dll
[0801/153953.165:ERROR:process_memory_win.cc(73)] ReadMemory at 0x7ffac5410000 of 64 bytes failed: Only part of a ReadProcessMemory or WriteProcessMemory request was completed. (0x12B)
[0801/153953.165:WARNING:pe_image_reader.cc(340)] could not read dos header from C:\WINDOWS\SYSTEM32\SSPICLI.DLL
[0801/153953.165:ERROR:process_memory_win.cc(73)] ReadMemory at 0x7ffac5150000 of 64 bytes failed: Only part of a ReadProcessMemory or WriteProcessMemory request was completed. (0x12B)
[0801/153953.165:WARNING:pe_image_reader.cc(340)] could not read dos header from C:\WINDOWS\System32\MSASN1.dll
[0801/153953.165:ERROR:process_memory_win.cc(73)] ReadMemory at 0x7ffac5df0000 of 64 bytes failed: Only part of a ReadProcessMemory or WriteProcessMemory request was completed. (0x12B)
[0801/153953.165:WARNING:pe_image_reader.cc(340)] could not read dos header from C:\WINDOWS\System32\bcryptPrimitives.dll
[0801/153953.165:ERROR:process_memory_win.cc(73)] ReadMemory at 0x7ffac4e70000 of 64 bytes failed: Only part of a ReadProcessMemory or WriteProcessMemory request was completed. (0x12B)
[0801/153953.165:WARNING:pe_image_reader.cc(340)] could not read dos header from C:\WINDOWS\SYSTEM32\CRYPTBASE.DLL
[0801/153953.173:ERROR:process_memory_win.cc(73)] ReadMemory at 0x82bff9000 of 28672 bytes failed: Only part of a ReadProcessMemory or WriteProcessMemory request was completed. (0x12B)
[0801/153953.174:ERROR:process_memory_win.cc(73)] ReadMemory at 0x82c7fd000 of 12288 bytes failed: Only part of a ReadProcessMemory or WriteProcessMemory request was completed. (0x12B)
[0801/153953.174:ERROR:process_memory_win.cc(73)] ReadMemory at 0x82cffd000 of 12288 bytes failed: Only part of a ReadProcessMemory or WriteProcessMemory request was completed. (0x12B)
[0801/153953.174:ERROR:process_memory_win.cc(73)] ReadMemory at 0x82d7fd000 of 12288 bytes failed: Only part of a ReadProcessMemory or WriteProcessMemory request was completed. (0x12B)
[0801/153953.174:ERROR:process_memory_win.cc(73)] ReadMemory at 0x82dffc000 of 16384 bytes failed: Only part of a ReadProcessMemory or WriteProcessMemory request was completed. (0x12B)
[0801/153953.174:ERROR:process_memory_win.cc(73)] ReadMemory at 0x82e7fe000 of 8192 bytes failed: Only part of a ReadProcessMemory or WriteProcessMemory request was completed. (0x12B)
[0801/153953.174:ERROR:process_memory_win.cc(73)] ReadMemory at 0x82effd000 of 12288 bytes failed: Only part of a ReadProcessMemory or WriteProcessMemory request was completed. (0x12B)
[0801/153953.174:ERROR:process_memory_win.cc(73)] ReadMemory at 0x82f7fd000 of 12288 bytes failed: Only part of a ReadProcessMemory or WriteProcessMemory request was completed. (0x12B)
[0801/153953.175:ERROR:process_memory_win.cc(73)] ReadMemory at 0x82b74e000 of 852 bytes failed: Only part of a ReadProcessMemory or WriteProcessMemory request was completed. (0x12B)
[0801/153953.175:ERROR:process_memory_win.cc(73)] ReadMemory at 0x82b74f000 of 6024 bytes failed: Only part of a ReadProcessMemory or WriteProcessMemory request was completed. (0x12B)
[0801/153953.175:ERROR:process_memory_win.cc(73)] ReadMemory at 0x82b751000 of 6024 bytes failed: Only part of a ReadProcessMemory or WriteProcessMemory request was completed. (0x12B)
[0801/153953.175:ERROR:process_memory_win.cc(73)] ReadMemory at 0x82b753000 of 6024 bytes failed: Only part of a ReadProcessMemory or WriteProcessMemory request was completed. (0x12B)
[0801/153953.175:ERROR:process_memory_win.cc(73)] ReadMemory at 0x82b755000 of 6024 bytes failed: Only part of a ReadProcessMemory or WriteProcessMemory request was completed. (0x12B)
[0801/153953.175:ERROR:process_memory_win.cc(73)] ReadMemory at 0x82b757000 of 6024 bytes failed: Only part of a ReadProcessMemory or WriteProcessMemory request was completed. (0x12B)
[0801/153953.175:ERROR:process_memory_win.cc(73)] ReadMemory at 0x82b759000 of 6024 bytes failed: Only part of a ReadProcessMemory or WriteProcessMemory request was completed. (0x12B)
[0801/153953.175:ERROR:process_memory_win.cc(73)] ReadMemory at 0x82b75b000 of 6024 bytes failed: Only part of a ReadProcessMemory or WriteProcessMemory request was completed. (0x12B)
[0801/153953.176:ERROR:process_memory_win.cc(73)] ReadMemory at 0x82b75d000 of 6024 bytes failed: Only part of a ReadProcessMemory or WriteProcessMemory request was completed. (0x12B)
[0801/153953.176:ERROR:process_memory_win.cc(73)] ReadMemory at 0x1e5738e0fe0 of 5274 bytes failed: Only part of a ReadProcessMemory or WriteProcessMemory request was completed. (0x12B)
[0801/153953.176:ERROR:process_memory_win.cc(73)] ReadMemory at 0x1e5738e2490 of 1012 bytes failed: Only part of a ReadProcessMemory or WriteProcessMemory request was completed. (0x12B)
[0801/153953.176:ERROR:process_memory_win.cc(73)] ReadMemory at 0x1e5738e2ad8 of 118 bytes failed: Only part of a ReadProcessMemory or WriteProcessMemory request was completed. (0x12B)
[0801/153953.176:ERROR:process_memory_win.cc(73)] ReadMemory at 0x1e5738e2b50 of 756 bytes failed: Only part of a ReadProcessMemory or WriteProcessMemory request was completed. (0x12B)
[0801/153953.176:ERROR:process_memory_win.cc(73)] ReadMemory at 0x1e5738e2e46 of 118 bytes failed: Only part of a ReadProcessMemory or WriteProcessMemory request was completed. (0x12B)
[0801/153953.176:ERROR:process_memory_win.cc(73)] ReadMemory at 0x1e5738e2ebe of 102 bytes failed: Only part of a ReadProcessMemory or WriteProcessMemory request was completed. (0x12B)
[0801/153953.176:ERROR:process_memory_win.cc(73)] ReadMemory at 0x1e5738e2f30 of 58 bytes failed: Only part of a ReadProcessMemory or WriteProcessMemory request was completed. (0x12B)
[0801/153953.176:ERROR:process_memory_win.cc(73)] ReadMemory at 0x1e5738e3030 of 132 bytes failed: Only part of a ReadProcessMemory or WriteProcessMemory request was completed. (0x12B)
[0801/153953.176:ERROR:process_memory_win.cc(73)] ReadMemory at 0x1e5738e31c0 of 132 bytes failed: Only part of a ReadProcessMemory or WriteProcessMemory request was completed. (0x12B)
[0801/153953.176:ERROR:process_memory_win.cc(73)] ReadMemory at 0x1e5738e3380 of 126 bytes failed: Only part of a ReadProcessMemory or WriteProcessMemory request was completed. (0x12B)
[0801/153953.177:ERROR:process_memory_win.cc(73)] ReadMemory at 0x1e5738e3760 of 132 bytes failed: Only part of a ReadProcessMemory or WriteProcessMemory request was completed. (0x12B)
[0801/153953.177:ERROR:process_memory_win.cc(73)] ReadMemory at 0x1e5738e38f0 of 64 bytes failed: Only part of a ReadProcessMemory or WriteProcessMemory request was completed. (0x12B)
[0801/153953.177:ERROR:process_memory_win.cc(73)] ReadMemory at 0x1e5738e3ab0 of 132 bytes failed: Only part of a ReadProcessMemory or WriteProcessMemory request was completed. (0x12B)
[0801/153953.177:ERROR:process_memory_win.cc(73)] ReadMemory at 0x1e5738e3d70 of 132 bytes failed: Only part of a ReadProcessMemory or WriteProcessMemory request was completed. (0x12B)
[0801/153953.177:ERROR:process_memory_win.cc(73)] ReadMemory at 0x1e5738e3f00 of 68 bytes failed: Only part of a ReadProcessMemory or WriteProcessMemory request was completed. (0x12B)
[0801/153953.177:ERROR:process_memory_win.cc(73)] ReadMemory at 0x1e5738e4f60 of 132 bytes failed: Only part of a ReadProcessMemory or WriteProcessMemory request was completed. (0x12B)
[0801/153953.177:ERROR:process_memory_win.cc(73)] ReadMemory at 0x1e5738e50f0 of 154 bytes failed: Only part of a ReadProcessMemory or WriteProcessMemory request was completed. (0x12B)
[0801/153953.177:ERROR:process_memory_win.cc(73)] ReadMemory at 0x1e5738e6bb0 of 62 bytes failed: Only part of a ReadProcessMemory or WriteProcessMemory request was completed. (0x12B)
[0801/153953.177:ERROR:process_memory_win.cc(73)] ReadMemory at 0x1e5738e6da0 of 132 bytes failed: Only part of a ReadProcessMemory or WriteProcessMemory request was completed. (0x12B)
[0801/153953.177:ERROR:process_memory_win.cc(73)] ReadMemory at 0x1e5738e6ed0 of 60 bytes failed: Only part of a ReadProcessMemory or WriteProcessMemory request was completed. (0x12B)
[0801/153953.177:ERROR:process_memory_win.cc(73)] ReadMemory at 0x1e5738ee381 of 512 bytes failed: Only part of a ReadProcessMemory or WriteProcessMemory request was completed. (0x12B)
[0801/153953.178:ERROR:process_memory_win.cc(73)] ReadMemory at 0x1e5738f17e0 of 80 bytes failed: Only part of a ReadProcessMemory or WriteProcessMemory request was completed. (0x12B)
[0801/153953.178:ERROR:process_memory_win.cc(73)] ReadMemory at 0x1e5738f2db0 of 132 bytes failed: Only part of a ReadProcessMemory or WriteProcessMemory request was completed. (0x12B)
[0801/153953.178:ERROR:process_memory_win.cc(73)] ReadMemory at 0x1e5738f4b20 of 132 bytes failed: Only part of a ReadProcessMemory or WriteProcessMemory request was completed. (0x12B)
[0801/153953.178:ERROR:process_memory_win.cc(73)] ReadMemory at 0x1e5738f4c50 of 132 bytes failed: Only part of a ReadProcessMemory or WriteProcessMemory request was completed. (0x12B)
[0801/153953.178:ERROR:process_memory_win.cc(73)] ReadMemory at 0x1e5738f4e80 of 132 bytes failed: Only part of a ReadProcessMemory or WriteProcessMemory request was completed. (0x12B)
[0801/153953.178:ERROR:process_memory_win.cc(73)] ReadMemory at 0x1e5738f4fb0 of 132 bytes failed: Only part of a ReadProcessMemory or WriteProcessMemory request was completed. (0x12B)
[0801/153953.178:ERROR:process_memory_win.cc(73)] ReadMemory at 0x1e5738f50e0 of 132 bytes failed: Only part of a ReadProcessMemory or WriteProcessMemory request was completed. (0x12B)
[0801/153953.178:ERROR:process_memory_win.cc(73)] ReadMemory at 0x1e5738f5340 of 132 bytes failed: Only part of a ReadProcessMemory or WriteProcessMemory request was completed. (0x12B)
[0801/153953.178:ERROR:process_memory_win.cc(73)] ReadMemory at 0x1e5738f55a0 of 132 bytes failed: Only part of a ReadProcessMemory or WriteProcessMemory request was completed. (0x12B)
[0801/153953.178:ERROR:process_memory_win.cc(73)] ReadMemory at 0x1e5738f56d0 of 132 bytes failed: Only part of a ReadProcessMemory or WriteProcessMemory request was completed. (0x12B)
[0801/153953.178:ERROR:process_memory_win.cc(73)] ReadMemory at 0x1e5738f5800 of 132 bytes failed: Only part of a ReadProcessMemory or WriteProcessMemory request was completed. (0x12B)
[0801/153953.178:ERROR:process_memory_win.cc(73)] ReadMemory at 0x1e5738f5930 of 132 bytes failed: Only part of a ReadProcessMemory or WriteProcessMemory request was completed. (0x12B)
[0801/153953.179:ERROR:process_memory_win.cc(73)] ReadMemory at 0x1e5738f5a60 of 132 bytes failed: Only part of a ReadProcessMemory or WriteProcessMemory request was completed. (0x12B)
[0801/153953.179:ERROR:process_memory_win.cc(73)] ReadMemory at 0x1e5738f5b90 of 132 bytes failed: Only part of a ReadProcessMemory or WriteProcessMemory request was completed. (0x12B)
[0801/153953.179:ERROR:process_memory_win.cc(73)] ReadMemory at 0x1e5738f5cc0 of 132 bytes failed: Only part of a ReadProcessMemory or WriteProcessMemory request was completed. (0x12B)
[0801/153953.179:ERROR:process_memory_win.cc(73)] ReadMemory at 0x1e5738f5df0 of 132 bytes failed: Only part of a ReadProcessMemory or WriteProcessMemory request was completed. (0x12B)
[0801/153953.179:ERROR:process_memory_win.cc(73)] ReadMemory at 0x1e5738f5f20 of 132 bytes failed: Only part of a ReadProcessMemory or WriteProcessMemory request was completed. (0x12B)
[0801/153953.179:ERROR:process_memory_win.cc(73)] ReadMemory at 0x1e5738f6050 of 132 bytes failed: Only part of a ReadProcessMemory or WriteProcessMemory request was completed. (0x12B)
[0801/153953.179:ERROR:process_memory_win.cc(73)] ReadMemory at 0x1e5738f6180 of 132 bytes failed: Only part of a ReadProcessMemory or WriteProcessMemory request was completed. (0x12B)
[0801/153953.179:ERROR:process_memory_win.cc(73)] ReadMemory at 0x1e5738f62b0 of 132 bytes failed: Only part of a ReadProcessMemory or WriteProcessMemory request was completed. (0x12B)
[0801/153953.179:ERROR:process_memory_win.cc(73)] ReadMemory at 0x1e5738f63e0 of 132 bytes failed: Only part of a ReadProcessMemory or WriteProcessMemory request was completed. (0x12B)
[0801/153953.179:ERROR:process_memory_win.cc(73)] ReadMemory at 0x1e5738f84c0 of 146 bytes failed: Only part of a ReadProcessMemory or WriteProcessMemory request was completed. (0x12B)
[0801/153953.180:ERROR:process_memory_win.cc(73)] ReadMemory at 0x1e5738fa000 of 60 bytes failed: Only part of a ReadProcessMemory or WriteProcessMemory request was completed. (0x12B)
[0801/153953.180:ERROR:process_memory_win.cc(73)] ReadMemory at 0x1e5738fa0a0 of 62 bytes failed: Only part of a ReadProcessMemory or WriteProcessMemory request was completed. (0x12B)
[0801/153953.180:ERROR:process_memory_win.cc(73)] ReadMemory at 0x1e5738fa0f0 of 62 bytes failed: Only part of a ReadProcessMemory or WriteProcessMemory request was completed. (0x12B)
[0801/153953.180:ERROR:process_memory_win.cc(73)] ReadMemory at 0x1e5738fa190 of 62 bytes failed: Only part of a ReadProcessMemory or WriteProcessMemory request was completed. (0x12B)
[0801/153953.180:ERROR:process_memory_win.cc(73)] ReadMemory at 0x1e5738fa1e0 of 64 bytes failed: Only part of a ReadProcessMemory or WriteProcessMemory request was completed. (0x12B)
[0801/153953.180:ERROR:process_memory_win.cc(73)] ReadMemory at 0x1e5738fa370 of 60 bytes failed: Only part of a ReadProcessMemory or WriteProcessMemory request was completed. (0x12B)
[0801/153953.180:ERROR:process_memory_win.cc(73)] ReadMemory at 0x1e5738fa3c0 of 62 bytes failed: Only part of a ReadProcessMemory or WriteProcessMemory request was completed. (0x12B)
[0801/153953.180:ERROR:process_memory_win.cc(73)] ReadMemory at 0x1e5738fa500 of 64 bytes failed: Only part of a ReadProcessMemory or WriteProcessMemory request was completed. (0x12B)
[0801/153953.180:ERROR:process_memory_win.cc(73)] ReadMemory at 0x1e5738fa550 of 62 bytes failed: Only part of a ReadProcessMemory or WriteProcessMemory request was completed. (0x12B)
[0801/153953.180:ERROR:process_memory_win.cc(73)] ReadMemory at 0x1e5738fa640 of 64 bytes failed: Only part of a ReadProcessMemory or WriteProcessMemory request was completed. (0x12B)
[0801/153953.180:ERROR:process_memory_win.cc(73)] ReadMemory at 0x1e5738fa6e0 of 62 bytes failed: Only part of a ReadProcessMemory or WriteProcessMemory request was completed. (0x12B)
[0801/153953.181:ERROR:process_memory_win.cc(73)] ReadMemory at 0x1e5738fa7d0 of 64 bytes failed: Only part of a ReadProcessMemory or WriteProcessMemory request was completed. (0x12B)
[0801/153953.181:ERROR:process_memory_win.cc(73)] ReadMemory at 0x1e5738fa820 of 62 bytes failed: Only part of a ReadProcessMemory or WriteProcessMemory request was completed. (0x12B)
[0801/153953.181:ERROR:process_memory_win.cc(73)] ReadMemory at 0x1e5738fa870 of 64 bytes failed: Only part of a ReadProcessMemory or WriteProcessMemory request was completed. (0x12B)
[0801/153953.181:ERROR:process_memory_win.cc(73)] ReadMemory at 0x1e5738fa8c0 of 62 bytes failed: Only part of a ReadProcessMemory or WriteProcessMemory request was completed. (0x12B)
[0801/153953.181:ERROR:process_memory_win.cc(73)] ReadMemory at 0x1e5738fa910 of 66 bytes failed: Only part of a ReadProcessMemory or WriteProcessMemory request was completed. (0x12B)
[0801/153953.181:ERROR:process_memory_win.cc(73)] ReadMemory at 0x1e5738fab40 of 64 bytes failed: Only part of a ReadProcessMemory or WriteProcessMemory request was completed. (0x12B)
[0801/153953.181:ERROR:process_memory_win.cc(73)] ReadMemory at 0x1e5738fab90 of 58 bytes failed: Only part of a ReadProcessMemory or WriteProcessMemory request was completed. (0x12B)
[0801/153953.181:ERROR:process_memory_win.cc(73)] ReadMemory at 0x1e5738fac80 of 62 bytes failed: Only part of a ReadProcessMemory or WriteProcessMemory request was completed. (0x12B)
[0801/153953.181:ERROR:process_memory_win.cc(73)] ReadMemory at 0x1e5738facd0 of 64 bytes failed: Only part of a ReadProcessMemory or WriteProcessMemory request was completed. (0x12B)
[0801/153953.181:ERROR:process_memory_win.cc(73)] ReadMemory at 0x1e5738fadc0 of 60 bytes failed: Only part of a ReadProcessMemory or WriteProcessMemory request was completed. (0x12B)
[0801/153953.181:ERROR:process_memory_win.cc(73)] ReadMemory at 0x1e5738fc0d0 of 132 bytes failed: Only part of a ReadProcessMemory or WriteProcessMemory request was completed. (0x12B)
[0801/153953.182:ERROR:process_memory_win.cc(73)] ReadMemory at 0x1e5738fc5d0 of 80 bytes failed: Only part of a ReadProcessMemory or WriteProcessMemory request was completed. (0x12B)
[0801/153953.182:ERROR:process_memory_win.cc(73)] ReadMemory at 0x1e573902110 of 132 bytes failed: Only part of a ReadProcessMemory or WriteProcessMemory request was completed. (0x12B)
[0801/153953.182:ERROR:process_memory_win.cc(73)] ReadMemory at 0x1e5739024a0 of 132 bytes failed: Only part of a ReadProcessMemory or WriteProcessMemory request was completed. (0x12B)
[0801/153953.182:ERROR:process_memory_win.cc(73)] ReadMemory at 0x1e5739031b0 of 132 bytes failed: Only part of a ReadProcessMemory or WriteProcessMemory request was completed. (0x12B)
[0801/153953.182:ERROR:process_memory_win.cc(73)] ReadMemory at 0x1e5739037a0 of 132 bytes failed: Only part of a ReadProcessMemory or WriteProcessMemory request was completed. (0x12B)
[0801/153953.182:ERROR:process_memory_win.cc(73)] ReadMemory at 0x1e57390da00 of 60 bytes failed: Only part of a ReadProcessMemory or WriteProcessMemory request was completed. (0x12B)
[0801/153953.182:ERROR:process_memory_win.cc(73)] ReadMemory at 0x1e573955bf0 of 512 bytes failed: Only part of a ReadProcessMemory or WriteProcessMemory request was completed. (0x12B)
[0801/153953.182:ERROR:process_memory_win.cc(73)] ReadMemory at 0x1e573961b40 of 512 bytes failed: Only part of a ReadProcessMemory or WriteProcessMemory request was completed. (0x12B)
[0801/153953.182:ERROR:process_memory_win.cc(73)] ReadMemory at 0x1e5739662a0 of 512 bytes failed: Only part of a ReadProcessMemory or WriteProcessMemory request was completed. (0x12B)
[0801/153953.182:ERROR:process_memory_win.cc(73)] ReadMemory at 0x1e573989f00 of 512 bytes failed: Only part of a ReadProcessMemory or WriteProcessMemory request was completed. (0x12B)
[0801/153953.182:ERROR:process_memory_win.cc(73)] ReadMemory at 0x1e57398c980 of 512 bytes failed: Only part of a ReadProcessMemory or WriteProcessMemory request was completed. (0x12B)
[0801/153953.183:ERROR:process_memory_win.cc(73)] ReadMemory at 0x1e5739a4c80 of 512 bytes failed: Only part of a ReadProcessMemory or WriteProcessMemory request was completed. (0x12B)
[0801/153953.183:ERROR:process_memory_win.cc(73)] ReadMemory at 0x1e573b51000 of 512 bytes failed: Only part of a ReadProcessMemory or WriteProcessMemory request was completed. (0x12B)
[0801/153953.183:ERROR:process_memory_win.cc(73)] ReadMemory at 0x1e5753a9700 of 512 bytes failed: Only part of a ReadProcessMemory or WriteProcessMemory request was completed. (0x12B)
[0801/153953.183:ERROR:process_memory_win.cc(73)] ReadMemory at 0x1e5755689c8 of 512 bytes failed: Only part of a ReadProcessMemory or WriteProcessMemory request was completed. (0x12B)
[0801/153953.183:ERROR:process_memory_win.cc(73)] ReadMemory at 0x1e57557ac30 of 512 bytes failed: Only part of a ReadProcessMemory or WriteProcessMemory request was completed. (0x12B)
[0801/153953.183:ERROR:process_memory_win.cc(73)] ReadMemory at 0x7ffa3a5837d2 of 553 bytes failed: Only part of a ReadProcessMemory or WriteProcessMemory request was completed. (0x12B)
[0801/153953.183:ERROR:process_memory_win.cc(73)] ReadMemory at 0x7ffa3b219e26 of 512 bytes failed: Only part of a ReadProcessMemory or WriteProcessMemory request was completed. (0x12B)
[0801/153953.183:ERROR:process_memory_win.cc(73)] ReadMemory at 0x7ffa3f1423c8 of 512 bytes failed: Only part of a ReadProcessMemory or WriteProcessMemory request was completed. (0x12B)
[0801/153953.183:ERROR:process_memory_win.cc(73)] ReadMemory at 0x7ffac585c738 of 512 bytes failed: Only part of a ReadProcessMemory or WriteProcessMemory request was completed. (0x12B)
[0801/153953.184:ERROR:process_memory_win.cc(73)] ReadMemory at 0x7ffac7ecad94 of 672 bytes failed: Only part of a ReadProcessMemory or WriteProcessMemory request was completed. (0x12B)
[0801/153953.184:ERROR:process_memory_win.cc(73)] ReadMemory at 0x7ffac7ecb394 of 512 bytes failed: Only part of a ReadProcessMemory or WriteProcessMemory request was completed. (0x12B)
[0801/153953.184:ERROR:process_memory_win.cc(73)] ReadMemory at 0x7ffac7ece764 of 512 bytes failed: Only part of a ReadProcessMemory or WriteProcessMemory request was completed. (0x12B)
[0801/153953.184:ERROR:process_memory_win.cc(73)] ReadMemory at 0x7ffac7f5f650 of 18 bytes failed: Only part of a ReadProcessMemory or WriteProcessMemory request was completed. (0x12B)
[0801/153953.184:ERROR:process_memory_win.cc(73)] ReadMemory at 0x7ffac7f934f8 of 40 bytes failed: Only part of a ReadProcessMemory or WriteProcessMemory request was completed. (0x12B)
[0801/153953.184:ERROR:process_memory_win.cc(73)] ReadMemory at 0x7ffac7f93978 of 48 bytes failed: Only part of a ReadProcessMemory or WriteProcessMemory request was completed. (0x12B)
[0801/153953.184:ERROR:process_memory_win.cc(73)] ReadMemory at 0x7ffac7f994c0 of 64 bytes failed: Only part of a ReadProcessMemory or WriteProcessMemory request was completed. (0x12B)
[0801/153953.185:ERROR:scoped_process_suspend.cc(40)] NtResumeProcess: An attempt was made to access an exiting process. (0xc000010a)
